Configuring variables...
Using database:
/bin/ngsplot/database/hg19/hg19.ensembl.genebody.protein_coding.RData
Done
Loading R libraries.....Done
Analyze bam files and calculate coverage...........................................................................................................................................................................................................Done
Plotting figures...Done
Saving results...Done
Wrapping results up...Done
All done. Cheers!
Configuring variables...
Using database:
/bin/ngsplot/database/hg19/hg19.ensembl.exon.canonical.protein_coding.RData
Done
Loading R libraries.....Done
Analyze bam files and calculate coverage.........................................................................................................................................................................................................................................................................................................................................................................................................................................................................................................................................................................................................................................................................................................................................................................................................................................................................................................................................................................................................................................................................................................................................................................................................................................................Done
Plotting figures...Done
Saving results...Done
Wrapping results up...Done
All done. Cheers!
